Not using distributed mode
Creating dataset...
3036
Traceback (most recent call last):
  File "C:\Users\agupt\OneDrive\Documents\Purdue\Junior Year\Fall Semester\ECE 570\Course Project\ECE_570_Course_Project\main_train.py", line 134, in <module>
    main()
  File "C:\Users\agupt\OneDrive\Documents\Purdue\Junior Year\Fall Semester\ECE 570\Course Project\ECE_570_Course_Project\main_train.py", line 87, in main
    train_dataset, val_dataset, test_dataset = create_dataset('generation_%s'%args.dataset_name, tokenizer, args)
  File "C:\Users\agupt\OneDrive\Documents\Purdue\Junior Year\Fall Semester\ECE 570\Course Project\ECE_570_Course_Project\dataset\__init__.py", line 26, in create_dataset
    train_dataset = generation_train(transform_train, args.image_dir, args.ann_path, tokenizer, dataset='iu_xray', args=args)
  File "C:\Users\agupt\OneDrive\Documents\Purdue\Junior Year\Fall Semester\ECE 570\Course Project\ECE_570_Course_Project\dataset\medical_dataset.py", line 54, in __init__
    self.clip_features = np.array(json.load(f))
  File "C:\Users\agupt\miniconda3\envs\promptmrg\lib\json\__init__.py", line 293, in load
    return loads(fp.read(),
  File "C:\Users\agupt\miniconda3\envs\promptmrg\lib\json\__init__.py", line 346, in loads
    return _default_decoder.decode(s)
  File "C:\Users\agupt\miniconda3\envs\promptmrg\lib\json\decoder.py", line 337, in decode
    obj, end = self.raw_decode(s, idx=_w(s, 0).end())
  File "C:\Users\agupt\miniconda3\envs\promptmrg\lib\json\decoder.py", line 353, in raw_decode
    obj, end = self.scan_once(s, idx)
KeyboardInterrupt
